c:\users\송성환\desktop\새 폴더\ssuconnectclient\ssu-connect\mfcapplication4\x64\debug\vc143.pdb
c:\users\송성환\desktop\새 폴더\ssuconnectclient\ssu-connect\mfcapplication4\x64\debug\vc143.idb
c:\users\송성환\desktop\새 폴더\ssuconnectclient\ssu-connect\mfcapplication4\x64\debug\mainfrm.obj
c:\users\송성환\desktop\새 폴더\ssuconnectclient\ssu-connect\mfcapplication4\x64\debug\clogindlg.obj
c:\users\송성환\desktop\새 폴더\ssuconnectclient\ssu-connect\mfcapplication4\x64\debug\mfcapplication4.pch
c:\users\송성환\desktop\새 폴더\ssuconnectclient\ssu-connect\mfcapplication4\x64\debug\pch.obj
c:\users\송성환\desktop\새 폴더\ssuconnectclient\ssu-connect\mfcapplication4\x64\debug\mfcapplication4view.obj
c:\users\송성환\desktop\새 폴더\ssuconnectclient\ssu-connect\mfcapplication4\x64\debug\mfcapplication4doc.obj
c:\users\송성환\desktop\새 폴더\ssuconnectclient\ssu-connect\mfcapplication4\x64\debug\mfcapplication4.obj
c:\users\송성환\desktop\새 폴더\ssuconnectclient\ssu-connect\mfcapplication4\x64\debug\csoccom.obj
c:\users\송성환\desktop\새 폴더\ssuconnectclient\ssu-connect\mfcapplication4\x64\debug\cregisterdlg.obj
c:\users\송성환\desktop\새 폴더\ssuconnectclient\ssu-connect\mfcapplication4\x64\debug\ccheckdlg.obj
c:\users\송성환\desktop\새 폴더\ssuconnectclient\ssu-connect\mfcapplication4\x64\debug\cchatroomnamedlg.obj
c:\users\송성환\desktop\새 폴더\ssuconnectclient\ssu-connect\mfcapplication4\x64\debug\cchatroom.obj
c:\users\송성환\desktop\새 폴더\ssuconnectclient\ssu-connect\mfcapplication4\x64\debug\cchangedlg.obj
c:\users\송성환\desktop\새 폴더\ssuconnectclient\ssu-connect\x64\debug\mfcapplication4.exe
c:\users\송성환\desktop\새 폴더\ssuconnectclient\ssu-connect\x64\debug\mfcapplication4.pdb
c:\users\송성환\desktop\새 폴더\ssuconnectclient\ssu-connect\mfcapplication4\x64\debug\mfcapplication4.res
c:\users\송성환\desktop\새 폴더\ssuconnectclient\ssu-connect\mfcapplication4\x64\debug\mfcapplication4.ilk
c:\users\송성환\desktop\새 폴더\ssuconnectclient\ssu-connect\mfcapplication4\x64\debug\childfrm.obj
c:\users\송성환\desktop\새 폴더\ssuconnectclient\ssu-connect\mfcapplication4\x64\debug\cpassworddlg.obj
c:\users\송성환\desktop\새 폴더\ssuconnectclient\ssu-connect\mfcapplication4\x64\debug\csocserver.obj
c:\users\송성환\desktop\새 폴더\ssuconnectclient\ssu-connect\mfcapplication4\x64\debug\mfcapplication4.tlog\cl.command.1.tlog
c:\users\송성환\desktop\새 폴더\ssuconnectclient\ssu-connect\mfcapplication4\x64\debug\mfcapplication4.tlog\cl.items.tlog
c:\users\송성환\desktop\새 폴더\ssuconnectclient\ssu-connect\mfcapplication4\x64\debug\mfcapplication4.tlog\cl.read.1.tlog
c:\users\송성환\desktop\새 폴더\ssuconnectclient\ssu-connect\mfcapplication4\x64\debug\mfcapplication4.tlog\cl.write.1.tlog
c:\users\송성환\desktop\새 폴더\ssuconnectclient\ssu-connect\mfcapplication4\x64\debug\mfcapplication4.tlog\link.command.1.tlog
c:\users\송성환\desktop\새 폴더\ssuconnectclient\ssu-connect\mfcapplication4\x64\debug\mfcapplication4.tlog\link.read.1.tlog
c:\users\송성환\desktop\새 폴더\ssuconnectclient\ssu-connect\mfcapplication4\x64\debug\mfcapplication4.tlog\link.secondary.1.tlog
c:\users\송성환\desktop\새 폴더\ssuconnectclient\ssu-connect\mfcapplication4\x64\debug\mfcapplication4.tlog\link.write.1.tlog
c:\users\송성환\desktop\새 폴더\ssuconnectclient\ssu-connect\mfcapplication4\x64\debug\mfcapplication4.tlog\rc.command.1.tlog
c:\users\송성환\desktop\새 폴더\ssuconnectclient\ssu-connect\mfcapplication4\x64\debug\mfcapplication4.tlog\rc.read.1.tlog
c:\users\송성환\desktop\새 폴더\ssuconnectclient\ssu-connect\mfcapplication4\x64\debug\mfcapplication4.tlog\rc.write.1.tlog
